<?xml version="1.0" encoding="utf-8"?>
<TestRun id="5e89f4be-761c-4f6b-98ef-0f4961b54ec7" name="noname@NONAME 2019-06-09 18:03:34" runUser="NONAME\noname" xmlns="http://microsoft.com/schemas/VisualStudio/TeamTest/2010">
  <Times creation="2019-06-09T18:03:34.4709070+07:00" queuing="2019-06-09T18:03:34.4709074+07:00" start="2019-06-09T18:03:31.8682936+07:00" finish="2019-06-09T18:03:34.4890928+07:00" />
  <TestSettings name="default" id="238c0b50-1348-4076-a0b5-b38cb1984d08">
    <Deployment runDeploymentRoot="noname_NONAME_2019-06-09_18_03_34" />
  </TestSettings>
  <Results>
    <UnitTestResult executionId="c71f7f80-e0cf-4d0a-a877-894179f2a3f6" testId="44bb013c-320f-c6d3-c4c6-92194253809e" testName="Shop3.WebTest.ProductControllerTest.Get_ServiceException_BadRequestResult" computerName="NONAME" duration="00:00:00.1500000" startTime="2019-06-09T18:03:34.3286570+07:00" endTime="2019-06-09T18:03:34.3286639+07:00" testType="13cdc9d9-ddb5-4fa4-a97d-d965ccfc6d4b" outcome="Passed" testListId="8c84fa94-04c1-424b-9868-57a2d4851a1d" relativeResultsDirectory="c71f7f80-e0cf-4d0a-a877-894179f2a3f6" />
    <UnitTestResult executionId="5cc19096-c109-4833-9b50-5bb81d2c7cc1" testId="8fb8ab6b-b8a1-f53e-c2dc-84d2384d80b3" testName="Shop3.WebTest.ProductControllerTest.Get_ValidRequest_OkResult" computerName="NONAME" duration="00:00:00.0090000" startTime="2019-06-09T18:03:34.3364624+07:00" endTime="2019-06-09T18:03:34.3364624+07:00" testType="13cdc9d9-ddb5-4fa4-a97d-d965ccfc6d4b" outcome="Passed" testListId="8c84fa94-04c1-424b-9868-57a2d4851a1d" relativeResultsDirectory="5cc19096-c109-4833-9b50-5bb81d2c7cc1" />
  </Results>
  <TestDefinitions>
    <UnitTest name="Shop3.WebTest.ProductControllerTest.Get_ServiceException_BadRequestResult" storage="e:\project\shop3\shop3.apitest\bin\debug\netcoreapp2.2\shop3.apitest.dll" id="44bb013c-320f-c6d3-c4c6-92194253809e">
      <Execution id="c71f7f80-e0cf-4d0a-a877-894179f2a3f6" />
      <TestMethod codeBase="E:\project\shop3\Shop3.ApiTest\bin\Debug\netcoreapp2.2\Shop3.ApiTest.dll" adapterTypeName="executor://xunit/VsTestRunner2/netcoreapp" className="Shop3.ApiTest" name="Shop3.WebTest.ProductControllerTest.Get_ServiceException_BadRequestResult" />
    </UnitTest>
    <UnitTest name="Shop3.WebTest.ProductControllerTest.Get_ValidRequest_OkResult" storage="e:\project\shop3\shop3.apitest\bin\debug\netcoreapp2.2\shop3.apitest.dll" id="8fb8ab6b-b8a1-f53e-c2dc-84d2384d80b3">
      <Execution id="5cc19096-c109-4833-9b50-5bb81d2c7cc1" />
      <TestMethod codeBase="E:\project\shop3\Shop3.ApiTest\bin\Debug\netcoreapp2.2\Shop3.ApiTest.dll" adapterTypeName="executor://xunit/VsTestRunner2/netcoreapp" className="Shop3.ApiTest" name="Shop3.WebTest.ProductControllerTest.Get_ValidRequest_OkResult" />
    </UnitTest>
  </TestDefinitions>
  <TestEntries>
    <TestEntry testId="44bb013c-320f-c6d3-c4c6-92194253809e" executionId="c71f7f80-e0cf-4d0a-a877-894179f2a3f6" testListId="8c84fa94-04c1-424b-9868-57a2d4851a1d" />
    <TestEntry testId="8fb8ab6b-b8a1-f53e-c2dc-84d2384d80b3" executionId="5cc19096-c109-4833-9b50-5bb81d2c7cc1" testListId="8c84fa94-04c1-424b-9868-57a2d4851a1d" />
  </TestEntries>
  <TestLists>
    <TestList name="Results Not in a List" id="8c84fa94-04c1-424b-9868-57a2d4851a1d" />
    <TestList name="All Loaded Results" id="19431567-8539-422a-85d7-44ee4e166bda" />
  </TestLists>
  <ResultSummary outcome="Completed">
    <Counters total="2" executed="2" passed="2" failed="0" error="0" timeout="0" aborted="0" inconclusive="0" passedButRunAborted="0" notRunnable="0" notExecuted="0" disconnected="0" warning="0" completed="0" inProgress="0" pending="0" />
    <Output>
      <StdOut>[xUnit.net 00:00:00.00] xUnit.net VSTest Adapter v2.4.1 (64-bit .NET Core 4.6.27521.02)[xUnit.net 00:00:01.32]   Discovering: Shop3.ApiTest[xUnit.net 00:00:01.37]   Discovered:  Shop3.ApiTest[xUnit.net 00:00:01.38]   Starting:    Shop3.ApiTest[xUnit.net 00:00:01.68]   Finished:    Shop3.ApiTest</StdOut>
    </Output>
  </ResultSummary>
</TestRun>