<?xml version="1.0" encoding="utf-8"?>
<TestRun id="a0331435-c58e-47c9-80bc-5ef6916fb396" name="noname@NONAME 2019-06-09 18:07:54" runUser="NONAME\noname" xmlns="http://microsoft.com/schemas/VisualStudio/TeamTest/2010">
  <Times creation="2019-06-09T18:07:54.4499048+07:00" queuing="2019-06-09T18:07:54.4499052+07:00" start="2019-06-09T18:07:51.3052753+07:00" finish="2019-06-09T18:07:54.4710859+07:00" />
  <TestSettings name="default" id="7c004569-49ee-4207-b59e-7e3e82a15b71">
    <Deployment runDeploymentRoot="noname_NONAME_2019-06-09_18_07_54" />
  </TestSettings>
  <Results>
    <UnitTestResult executionId="d322f4b5-9e94-4b9a-a895-e2ce622893a7" testId="fed887e6-f4e3-d7b5-5fc4-ede092707aa9" testName="Shop3.ApiTest.ProductControllerTest.Index_GetCategory_ValidModel" computerName="NONAME" duration="00:00:00.1970000" startTime="2019-06-09T18:07:54.2088134+07:00" endTime="2019-06-09T18:07:54.2088134+07:00" testType="13cdc9d9-ddb5-4fa4-a97d-d965ccfc6d4b" outcome="Passed" testListId="8c84fa94-04c1-424b-9868-57a2d4851a1d" relativeResultsDirectory="d322f4b5-9e94-4b9a-a895-e2ce622893a7" />
    <UnitTestResult executionId="99404de7-d512-40d1-96fc-c4633d37df13" testId="5dfaaa8a-5381-6c96-923c-c3e9f31168c5" testName="Shop3.WebTest.Controllers.CartControllerTest.Checkout_NullSession_RedirectResult" computerName="NONAME" duration="00:00:00.0030000" startTime="2019-06-09T18:07:54.3099378+07:00" endTime="2019-06-09T18:07:54.3099378+07:00" testType="13cdc9d9-ddb5-4fa4-a97d-d965ccfc6d4b" outcome="Passed" testListId="8c84fa94-04c1-424b-9868-57a2d4851a1d" relativeResultsDirectory="99404de7-d512-40d1-96fc-c4633d37df13" />
    <UnitTestResult executionId="65ba4d57-ecb2-474f-bc51-e4530070318e" testId="8a0a5104-fa1a-e16d-e744-f49e111f8de0" testName="Shop3.WebTest.Controllers.CartControllerTest.Checkout_ValidRequest_OkResult" computerName="NONAME" duration="00:00:00.2360000" startTime="2019-06-09T18:07:54.2386710+07:00" endTime="2019-06-09T18:07:54.2386714+07:00" testType="13cdc9d9-ddb5-4fa4-a97d-d965ccfc6d4b" outcome="Passed" testListId="8c84fa94-04c1-424b-9868-57a2d4851a1d" relativeResultsDirectory="65ba4d57-ecb2-474f-bc51-e4530070318e" />
    <UnitTestResult executionId="78994e40-0017-47cb-a172-a36bcc889112" testId="78231a4e-82b7-5bec-4f36-d729da673c14" testName="Shop3.WebTest.Controllers.CartControllerTest.Checkout_PostValid_OkResult" computerName="NONAME" duration="00:00:00.0240000" startTime="2019-06-09T18:07:54.3097315+07:00" endTime="2019-06-09T18:07:54.3097319+07:00" testType="13cdc9d9-ddb5-4fa4-a97d-d965ccfc6d4b" outcome="Failed" testListId="8c84fa94-04c1-424b-9868-57a2d4851a1d" relativeResultsDirectory="78994e40-0017-47cb-a172-a36bcc889112">
      <Output>
        <ErrorInfo>
          <Message>Assert.IsType() Failure&#xD;
Expected: Microsoft.AspNetCore.Mvc.ViewResult&#xD;
Actual:   System.Threading.Tasks.Task`1[[Microsoft.AspNetCore.Mvc.IActionResult, Microsoft.AspNetCore.Mvc.Abstractions, Version=2.2.0.0, Culture=neutral, PublicKeyToken=adb9793829ddae60]]</Message>
          <StackTrace>   at Shop3.WebTest.Controllers.CartControllerTest.Checkout_PostValid_OkResult() in E:\project\shop3\Shop3.WebTest\Controllers\CartController.Test.cs:line 144</StackTrace>
        </ErrorInfo>
      </Output>
    </UnitTestResult>
    <UnitTestResult executionId="fd0e30a6-e063-4b3a-be74-b24923ddfa8d" testId="14b57313-cf77-5514-2202-35d2b33a3617" testName="Shop3.WebTest.Controllers.Components.CategoryMenuViewComponentTest.Invoke_ValidInput_ResultOk" computerName="NONAME" duration="00:00:00.1830000" startTime="2019-06-09T18:07:54.2027859+07:00" endTime="2019-06-09T18:07:54.2027863+07:00" testType="13cdc9d9-ddb5-4fa4-a97d-d965ccfc6d4b" outcome="Passed" testListId="8c84fa94-04c1-424b-9868-57a2d4851a1d" relativeResultsDirectory="fd0e30a6-e063-4b3a-be74-b24923ddfa8d" />
  </Results>
  <TestDefinitions>
    <UnitTest name="Shop3.WebTest.Controllers.CartControllerTest.Checkout_PostValid_OkResult" storage="e:\project\shop3\shop3.webtest\bin\debug\netcoreapp2.2\shop3.webtest.dll" id="78231a4e-82b7-5bec-4f36-d729da673c14">
      <Execution id="78994e40-0017-47cb-a172-a36bcc889112" />
      <TestMethod codeBase="E:\project\shop3\Shop3.WebTest\bin\Debug\netcoreapp2.2\Shop3.WebTest.dll" adapterTypeName="executor://xunit/VsTestRunner2/netcoreapp" className="Shop3.WebTest" name="Shop3.WebTest.Controllers.CartControllerTest.Checkout_PostValid_OkResult" />
    </UnitTest>
    <UnitTest name="Shop3.WebTest.Controllers.CartControllerTest.Checkout_ValidRequest_OkResult" storage="e:\project\shop3\shop3.webtest\bin\debug\netcoreapp2.2\shop3.webtest.dll" id="8a0a5104-fa1a-e16d-e744-f49e111f8de0">
      <Execution id="65ba4d57-ecb2-474f-bc51-e4530070318e" />
      <TestMethod codeBase="E:\project\shop3\Shop3.WebTest\bin\Debug\netcoreapp2.2\Shop3.WebTest.dll" adapterTypeName="executor://xunit/VsTestRunner2/netcoreapp" className="Shop3.WebTest" name="Shop3.WebTest.Controllers.CartControllerTest.Checkout_ValidRequest_OkResult" />
    </UnitTest>
    <UnitTest name="Shop3.ApiTest.ProductControllerTest.Index_GetCategory_ValidModel" storage="e:\project\shop3\shop3.webtest\bin\debug\netcoreapp2.2\shop3.webtest.dll" id="fed887e6-f4e3-d7b5-5fc4-ede092707aa9">
      <Execution id="d322f4b5-9e94-4b9a-a895-e2ce622893a7" />
      <TestMethod codeBase="E:\project\shop3\Shop3.WebTest\bin\Debug\netcoreapp2.2\Shop3.WebTest.dll" adapterTypeName="executor://xunit/VsTestRunner2/netcoreapp" className="Shop3.WebTest" name="Shop3.ApiTest.ProductControllerTest.Index_GetCategory_ValidModel" />
    </UnitTest>
    <UnitTest name="Shop3.WebTest.Controllers.Components.CategoryMenuViewComponentTest.Invoke_ValidInput_ResultOk" storage="e:\project\shop3\shop3.webtest\bin\debug\netcoreapp2.2\shop3.webtest.dll" id="14b57313-cf77-5514-2202-35d2b33a3617">
      <Execution id="fd0e30a6-e063-4b3a-be74-b24923ddfa8d" />
      <TestMethod codeBase="E:\project\shop3\Shop3.WebTest\bin\Debug\netcoreapp2.2\Shop3.WebTest.dll" adapterTypeName="executor://xunit/VsTestRunner2/netcoreapp" className="Shop3.WebTest" name="Shop3.WebTest.Controllers.Components.CategoryMenuViewComponentTest.Invoke_ValidInput_ResultOk" />
    </UnitTest>
    <UnitTest name="Shop3.WebTest.Controllers.CartControllerTest.Checkout_NullSession_RedirectResult" storage="e:\project\shop3\shop3.webtest\bin\debug\netcoreapp2.2\shop3.webtest.dll" id="5dfaaa8a-5381-6c96-923c-c3e9f31168c5">
      <Execution id="99404de7-d512-40d1-96fc-c4633d37df13" />
      <TestMethod codeBase="E:\project\shop3\Shop3.WebTest\bin\Debug\netcoreapp2.2\Shop3.WebTest.dll" adapterTypeName="executor://xunit/VsTestRunner2/netcoreapp" className="Shop3.WebTest" name="Shop3.WebTest.Controllers.CartControllerTest.Checkout_NullSession_RedirectResult" />
    </UnitTest>
  </TestDefinitions>
  <TestEntries>
    <TestEntry testId="fed887e6-f4e3-d7b5-5fc4-ede092707aa9" executionId="d322f4b5-9e94-4b9a-a895-e2ce622893a7" testListId="8c84fa94-04c1-424b-9868-57a2d4851a1d" />
    <TestEntry testId="5dfaaa8a-5381-6c96-923c-c3e9f31168c5" executionId="99404de7-d512-40d1-96fc-c4633d37df13" testListId="8c84fa94-04c1-424b-9868-57a2d4851a1d" />
    <TestEntry testId="8a0a5104-fa1a-e16d-e744-f49e111f8de0" executionId="65ba4d57-ecb2-474f-bc51-e4530070318e" testListId="8c84fa94-04c1-424b-9868-57a2d4851a1d" />
    <TestEntry testId="78231a4e-82b7-5bec-4f36-d729da673c14" executionId="78994e40-0017-47cb-a172-a36bcc889112" testListId="8c84fa94-04c1-424b-9868-57a2d4851a1d" />
    <TestEntry testId="14b57313-cf77-5514-2202-35d2b33a3617" executionId="fd0e30a6-e063-4b3a-be74-b24923ddfa8d" testListId="8c84fa94-04c1-424b-9868-57a2d4851a1d" />
  </TestEntries>
  <TestLists>
    <TestList name="Results Not in a List" id="8c84fa94-04c1-424b-9868-57a2d4851a1d" />
    <TestList name="All Loaded Results" id="19431567-8539-422a-85d7-44ee4e166bda" />
  </TestLists>
  <ResultSummary outcome="Failed">
    <Counters total="5" executed="5" passed="4" failed="1" error="0" timeout="0" aborted="0" inconclusive="0" passedButRunAborted="0" notRunnable="0" notExecuted="0" disconnected="0" warning="0" completed="0" inProgress="0" pending="0" />
    <Output>
      <StdOut>[xUnit.net 00:00:00.00] xUnit.net VSTest Adapter v2.4.0 (64-bit .NET Core 4.6.27521.02)[xUnit.net 00:00:01.64]   Discovering: Shop3.WebTest[xUnit.net 00:00:01.70]   Discovered:  Shop3.WebTest[xUnit.net 00:00:01.70]   Starting:    Shop3.WebTest[xUnit.net 00:00:02.15]       Assert.IsType() Failure[xUnit.net 00:00:02.15]       Expected: Microsoft.AspNetCore.Mvc.ViewResult[xUnit.net 00:00:02.15]       Actual:   System.Threading.Tasks.Task`1[[Microsoft.AspNetCore.Mvc.IActionResult, Microsoft.AspNetCore.Mvc.Abstractions, Version=2.2.0.0, Culture=neutral, PublicKeyToken=adb9793829ddae60]][xUnit.net 00:00:02.15]       Stack Trace:[xUnit.net 00:00:02.15]         E:\project\shop3\Shop3.WebTest\Controllers\CartController.Test.cs(144,0): at Shop3.WebTest.Controllers.CartControllerTest.Checkout_PostValid_OkResult()[xUnit.net 00:00:02.15]   Finished:    Shop3.WebTest</StdOut>
    </Output>
    <RunInfos>
      <RunInfo computerName="NONAME" outcome="Error" timestamp="2019-06-09T18:07:54.3054439+07:00">
        <Text>[xUnit.net 00:00:02.15]     Shop3.WebTest.Controllers.CartControllerTest.Checkout_PostValid_OkResult [FAIL]</Text>
      </RunInfo>
    </RunInfos>
  </ResultSummary>
</TestRun>